If you think this is incorrect, you can try enabling the No check for Layer I or II option
17.08.2013 13:38:33	Error while analyzing: Not enough samples in N:\Web\site\cquiz\blocks\1334\004.mp3 to do analysis
17.08.2013 13:43:44	Error while analyzing: Not enough samples in N:\Web\site\cquiz\blocks\1459\002.mp3 to do analysis
17.08.2013 14:00:00	Error while analyzing: Not enough samples in N:\Web\site\cquiz\blocks\1783\002.mp3 to do analysis
17.08.2013 14:23:35	Error while analyzing: Not enough samples in N:\Web\site\cquiz\blocks\2236\003.mp3 to do analysis
17.08.2013 15:03:40	Error while analyzing: Not enough samples in N:\Web\site\cquiz\blocks\2952\004.mp3 to do analysis
17.08.2013 15:07:34	Error while analyzing: Not enough samples in N:\Web\site\cquiz\blocks\3029\003.mp3 to do analysis
17.08.2013 15:18:02	Error while analyzing: Not enough samples in N:\Web\site\cquiz\blocks\3186\009.mp3 to do analysis
17.08.2013 15:34:32	Error while analyzing: Not enough samples in N:\Web\site\cquiz\blocks\3600\003.mp3 to do analysis
17.08.2013 15:58:05	Error while analyzing: Not enough samples in N:\Web\site\cquiz\blocks\4028\012.mp3 to do analysis
17.08.2013 16:04:38	Error while analyzing: Not enough samples in N:\Web\site\cquiz\blocks\4147\001.mp3 to do analysis
17.08.2013 16:04:38	Error while analyzing: Not enough samples in N:\Web\site\cquiz\blocks\4147\002.mp3 to do analysis
17.08.2013 16:04:38	Error while analyzing: Not enough samples in N:\Web\site\cquiz\blocks\4147\003.mp3 to do analysis
17.08.2013 16:04:38	Error while analyzing: Not enough samples in N:\Web\site\cquiz\blocks\4147\004.mp3 to do analysis
17.08.2013 16:04:39	Error while analyzing: Not enough samples in N:\Web\site\cquiz\blocks\4147\005.mp3 to do analysis
17.08.2013 16:04:39	Error while analyzing: Not enough samples in N:\Web\site\cquiz\blocks\4147\006.mp3 to do analysis
17.08.2013 16:04:39	Error while analyzing: Not enough samples in N:\Web\site\cquiz\blocks\4147\007.mp3 to do analysis
17.08.2013 16:04:39	Error while analyzing: Not enough samples in N:\Web\site\cquiz\blocks\4147\008.mp3 to do analysis
17.08.2013 16:04:39	Error while analyzing: Not enough samples in N:\Web\site\cquiz\blocks\4147\009.mp3 to do analysis
17.08.2013 16:29:19	Error while analyzing: Not enough samples in N:\Web\site\cquiz\blocks\4704\010.mp3 to do analysis
17.08.2013 16:41:53	Error while analyzing: Not enough samples in N:\Web\site\cquiz\blocks\4971\017.mp3 to do analysis
17.08.2013 16:41:59	Error while analyzing: Not enough samples in N:\Web\site\cquiz\blocks\4979\003.mp3 to do analysis
17.08.2013 16:53:40	Error while analyzing: Not enough samples in N:\Web\site\cquiz\blocks\679\007.mp3 to do analysis
17.08.2013 17:01:34	Error while analyzing: Not enough samples in N:\Web\site\cquiz\blocks\776\017.mp3 to do analysis
17.08.2013 17:02:18	Error while analyzing: Not enough samples in N:\Web\site\cquiz\blocks\784\014.mp3 to do analysis
17.08.2013 17:03:49	Error while analyzing: Not enough samples in N:\Web\site\cquiz\blocks\824\003.mp3 to do analysis
17.08.2013 17:28:57	Error while analyzing: Not enough samples in N:\Web\site\cquiz\CQuizLite\1 Easy\Giuseppe Verdi\Macbeth - Maria Callas. 1952\MACBET2\08_002.mp3 to do analysis
17.08.2013 20:03:34	Error while analyzing: Not enough samples in N:\Web\site\cquiz\CQuizLite\3 Hard\Scriabin\Scriabin Sonata no 9 Black Mass_001.mp3 to do analysis
17.08.2013 20:03:34	Error while analyzing: Not enough samples in N:\Web\site\cquiz\CQuizLite\3 Hard\Scriabin\Scriabin Sonata no 9 Black Mass_002.mp3 to do analysis
17.08.2013 20:03:34	Error while analyzing: Not enough samples in N:\Web\site\cquiz\CQuizLite\3 Hard\Scriabin\Scriabin Sonata no 9 Black Mass_003.mp3 to do analysis
17.08.2013 20:03:34	Error while analyzing: Not enough samples in N:\Web\site\cquiz\CQuizLite\3 Hard\Scriabin\Scriabin Sonata no 9 Black Mass_004.mp3 to do analysis
17.08.2013 20:03:34	Error while analyzing: Not enough samples in N:\Web\site\cquiz\CQuizLite\3 Hard\Scriabin\Scriabin Sonata no 9 Black Mass_005.mp3 to do analysis
17.08.2013 20:03:34	Error while analyzing: Not enough samples in N:\Web\site\cquiz\CQuizLite\3 Hard\Scriabin\Scriabin Sonata no 9 Black Mass_006.mp3 to do analysis
17.08.2013 20:03:34	Error while analyzing: Not enough samples in N:\Web\site\cquiz\CQuizLite\3 Hard\Scriabin\Scriabin Sonata no 9 Black Mass_007.mp3 to do analysis
17.08.2013 20:03:34	Error while analyzing: Not enough samples in N:\Web\site\cquiz\CQuizLite\3 Hard\Scriabin\Scriabin Sonata no 9 Black Mass_008.mp3 to do analysis
17.08.2013 22:02:14	Error while analyzing N:\Web\site\cquiz\music\Glass\Concerto\(01) [Paul Barnes] Glass - Piano Concerto No.2 - I. The Vision.mp3
17.08.2013 23:53:46	Error while analyzing: Not enough samples in N:\Web\site\cquiz\music\Scriabin\Scriabin Sonata no 9 Black Mass.mp3 to do analysis
18.08.2013 3:35:08	Error while analyzing: Not enough samples in N:\Web\site\cquiz\music2\Scriabin\Scriabin Sonata no 9 Black Mass.mp3 to do analysis
