18.08.2013 23:36:42	Error while analyzing: Not enough samples in N:\Web\site\cquiz\blocks\1334\004.mp3 to do analysis
18.08.2013 23:41:32	Error while analyzing: Not enough samples in N:\Web\site\cquiz\blocks\1459\002.mp3 to do analysis
18.08.2013 23:56:44	Error while analyzing: Not enough samples in N:\Web\site\cquiz\blocks\1783\002.mp3 to do analysis
19.08.2013 0:18:48	Error while analyzing: Not enough samples in N:\Web\site\cquiz\blocks\2236\003.mp3 to do analysis
19.08.2013 0:56:32	Error while analyzing: Not enough samples in N:\Web\site\cquiz\blocks\2952\004.mp3 to do analysis
19.08.2013 1:00:11	Error while analyzing: Not enough samples in N:\Web\site\cquiz\blocks\3029\003.mp3 to do analysis
19.08.2013 1:10:00	Error while analyzing: Not enough samples in N:\Web\site\cquiz\blocks\3186\009.mp3 to do analysis
19.08.2013 1:25:34	Error while analyzing: Not enough samples in N:\Web\site\cquiz\blocks\3600\003.mp3 to do analysis
19.08.2013 1:47:41	Error while analyzing: Not enough samples in N:\Web\site\cquiz\blocks\4028\012.mp3 to do analysis
19.08.2013 1:53:53	Error while analyzing: N:\Web\site\cquiz\blocks\4147\001.mp3 is an MPEG Layer II file, not a layer III file

If you think this is incorrect, you can try enabling the No check for Layer I or II option
19.08.2013 1:53:54	Error while analyzing: N:\Web\site\cquiz\blocks\4147\002.mp3 is an MPEG Layer II file, not a layer III file

If you think this is incorrect, you can try enabling the No check for Layer I or II option
19.08.2013 1:53:54	Error while analyzing: N:\Web\site\cquiz\blocks\4147\003.mp3 is an MPEG Layer II file, not a layer III file

If you think this is incorrect, you can try enabling the No check for Layer I or II option
19.08.2013 1:53:54	Error while analyzing: N:\Web\site\cquiz\blocks\4147\004.mp3 is an MPEG Layer II file, not a layer III file

If you think this is incorrect, you can try enabling the No check for Layer I or II option
19.08.2013 1:53:54	Error while analyzing: N:\Web\site\cquiz\blocks\4147\005.mp3 is an MPEG Layer II file, not a layer III file

If you think this is incorrect, you can try enabling the No check for Layer I or II option
19.08.2013 1:53:54	Error while analyzing: N:\Web\site\cquiz\blocks\4147\006.mp3 is an MPEG Layer II file, not a layer III file

If you think this is incorrect, you can try enabling the No check for Layer I or II option
19.08.2013 1:53:54	Error while analyzing: N:\Web\site\cquiz\blocks\4147\007.mp3 is an MPEG Layer II file, not a layer III file

If you think this is incorrect, you can try enabling the No check for Layer I or II option
19.08.2013 1:53:54	Error while analyzing: N:\Web\site\cquiz\blocks\4147\008.mp3 is an MPEG Layer II file, not a layer III file

If you think this is incorrect, you can try enabling the No check for Layer I or II option
19.08.2013 1:53:54	Error while analyzing: N:\Web\site\cquiz\blocks\4147\009.mp3 is an MPEG Layer II file, not a layer III file

If you think this is incorrect, you can try enabling the No check for Layer I or II option
19.08.2013 2:17:09	Error while analyzing: Not enough samples in N:\Web\site\cquiz\blocks\4704\010.mp3 to do analysis
19.08.2013 2:28:57	Error while analyzing: Not enough samples in N:\Web\site\cquiz\blocks\4971\017.mp3 to do analysis
19.08.2013 2:29:03	Error while analyzing: Not enough samples in N:\Web\site\cquiz\blocks\4979\003.mp3 to do analysis
19.08.2013 2:40:03	Error while analyzing: Not enough samples in N:\Web\site\cquiz\blocks\679\007.mp3 to do analysis
19.08.2013 2:47:33	Error while analyzing: Not enough samples in N:\Web\site\cquiz\blocks\776\017.mp3 to do analysis
19.08.2013 2:48:14	Error while analyzing: Not enough samples in N:\Web\site\cquiz\blocks\784\014.mp3 to do analysis
19.08.2013 2:49:40	Error while analyzing: Not enough samples in N:\Web\site\cquiz\blocks\824\003.mp3 to do analysis
19.08.2013 3:13:30	Error while analyzing: Not enough samples in N:\Web\site\cquiz\CQuizLite\1 Easy\Giuseppe Verdi\Macbeth - Maria Callas. 1952\MACBET2\08_002.mp3 to do analysis
19.08.2013 5:39:23	Error while analyzing: N:\Web\site\cquiz\CQuizLite\3 Hard\Scriabin\Scriabin Sonata no 9 Black Mass_001.mp3 is an MPEG Layer II file, not a layer III file

If you think this is incorrect, you can try enabling the No check for Layer I or II option
19.08.2013 5:39:23	Error while analyzing: N:\Web\site\cquiz\CQuizLite\3 Hard\Scriabin\Scriabin Sonata no 9 Black Mass_002.mp3 is an MPEG Layer II file, not a layer III file

If you think this is incorrect, you can try enabling the No check for Layer I or II option
19.08.2013 5:39:23	Error while analyzing: N:\Web\site\cquiz\CQuizLite\3 Hard\Scriabin\Scriabin Sonata no 9 Black Mass_003.mp3 is an MPEG Layer II file, not a layer III file

If you think this is incorrect, you can try enabling the No check for Layer I or II option
19.08.2013 5:39:23	Error while analyzing: N:\Web\site\cquiz\CQuizLite\3 Hard\Scriabin\Scriabin Sonata no 9 Black Mass_004.mp3 is an MPEG Layer II file, not a layer III file

If you think this is incorrect, you can try enabling the No check for Layer I or II option
19.08.2013 5:39:23	Error while analyzing: N:\Web\site\cquiz\CQuizLite\3 Hard\Scriabin\Scriabin Sonata no 9 Black Mass_005.mp3 is an MPEG Layer II file, not a layer III file

If you think this is incorrect, you can try enabling the No check for Layer I or II option
19.08.2013 5:39:23	Error while analyzing: N:\Web\site\cquiz\CQuizLite\3 Hard\Scriabin\Scriabin Sonata no 9 Black Mass_006.mp3 is an MPEG Layer II file, not a layer III file

If you think this is incorrect, you can try enabling the No check for Layer I or II option
19.08.2013 5:39:23	Error while analyzing: N:\Web\site\cquiz\CQuizLite\3 Hard\Scriabin\Scriabin Sonata no 9 Black Mass_007.mp3 is an MPEG Layer II file, not a layer III file

If you think this is incorrect, you can try enabling the No check for Layer I or II option
19.08.2013 5:39:23	Error while analyzing: N:\Web\site\cquiz\CQuizLite\3 Hard\Scriabin\Scriabin Sonata no 9 Black Mass_008.mp3 is an MPEG Layer II file, not a layer III file

If you think this is incorrect, you can try enabling the No check for Layer I or II option
19.08.2013 7:31:02	Error while analyzing N:\Web\site\cquiz\music\Glass\Concerto\(01) [Paul Barnes] Glass - Piano Concerto No.2 - I. The Vision.mp3
19.08.2013 9:15:39	Error while analyzing: N:\Web\site\cquiz\music\Scriabin\Scriabin Sonata no 9 Black Mass.mp3 is an MPEG Layer II file, not a layer III file

If you think this is incorrect, you can try enabling the No check for Layer I or II option
19.08.2013 12:43:51	Error while analyzing: N:\Web\site\cquiz\music2\Scriabin\Scriabin Sonata no 9 Black Mass.mp3 is an MPEG Layer II file, not a layer III file

If you think this is incorrect, you can try enabling the No check for Layer I or II option
