2013-05-16 14:54:12    93 0 301
2013-05-16 14:54:19    36 0 301
2013-05-16 14:55:54    45 0 301
2013-05-16 14:55:56    120 0 301
2013-05-16 14:56:00    51 0 301
2013-05-16 14:56:30    196 0 301
2013-05-16 14:57:33    58 0 301
2013-05-16 14:58:41    77 0 301
2013-05-16 14:59:22    262 0 301
2013-05-16 15:00:27    75 0 301
2013-05-16 17:48:03    210 0 301
2013-05-16 17:48:35    295 0 301
2013-05-16 17:48:40    13 0 301
2013-05-16 17:48:43    191 0 301
2013-05-16 17:49:53    131 0 301
2013-05-16 17:51:19    31 0 301
2013-05-16 17:51:23    137 0 301
2013-05-16 17:51:24    104 0 301
2013-05-16 17:51:26    293 0 301
2013-05-16 17:52:07    93 0 301
2013-05-16 17:52:10    275 0 301
2013-05-16 17:52:42    162 0 301
2013-05-16 17:52:44    86 0 301
2013-05-16 17:54:45    64 0 301
2013-05-16 17:54:49    113 0 301
2013-05-16 17:58:29    191 0 301
2013-05-16 18:01:28    31 0 301
2013-05-16 18:02:38    94 0 301
2013-05-16 18:07:29    5 0 301
2013-05-16 18:34:31    9 0 301
2013-05-16 18:36:24    53 0 301
2013-05-16 23:35:10    33 0 301
2013-05-16 23:35:14    258 0 301
2013-05-16 23:43:10    119 0 301
2013-05-16 23:45:20    294 0 301
2013-05-16 23:45:23    196 0 301
2013-05-16 23:46:18    272 0 301
2013-05-16 23:50:50    166 0 301
2013-05-16 23:50:53    198 0 301
2013-05-16 23:51:58    82 0 301
2013-05-16 23:55:51    246 0 301
2013-05-16 23:55:56    59 0 301
2013-05-17 00:02:36    72 0 301
2013-05-17 00:05:17    76 0 301
2013-05-17 18:20:42    284 0 99
2013-05-19 15:11:11    202 0 301
2013-05-19 15:13:56    177 0 301
2013-05-19 15:13:59    135 0 301
2013-05-19 15:18:59    113 0 301
2013-05-19 15:34:48    242 0 301
2013-05-19 15:34:52    269 0 301
2013-05-19 15:35:20    11 0 301
2013-05-19 15:38:53    171 0 301
2013-05-19 15:40:32    284 0 301
2013-05-19 15:44:14    77 0 301
2013-05-19 15:55:09    108 0 301
2013-05-19 16:37:11    177 0 301
2013-05-19 16:38:27    281 0 301
2013-05-19 16:39:54    241 0 301
2013-05-19 16:41:37    271 0 301
2013-05-19 16:41:39    229 0 301
2013-05-19 17:17:50    191 0 301
2013-05-19 17:24:42    144 0 301
2013-05-19 17:29:16    147 0 301
2013-05-19 17:32:37    185 0 301
2013-05-19 17:32:39    31 0 301
2013-05-19 17:33:07    262 0 301
2013-05-19 17:41:28    65 0 301
2013-05-19 17:48:40    33 0 301
2013-05-20 21:57:29    140 0 301
2013-05-20 22:00:25    242 0 301
2013-05-20 22:00:57    260 0 301
2013-05-20 22:02:00    233 0 301
2013-05-20 22:11:47    284 0 99
2013-05-21 04:13:51    62 0 301
2013-05-21 04:15:22    53 0 301
2013-05-21 04:17:26    161 0 301
2013-05-21 04:17:28    104 0 301
2013-05-21 04:17:38    251 0 301
2013-05-21 18:28:42    73 0 301
2013-05-21 18:29:39    46 0 301
2013-05-21 18:37:14    25 0 301
2013-05-21 18:37:58    55 0 301
2013-05-21 18:43:46    49 0 301
2013-05-21 18:43:48    210 0 301
2013-05-22 17:19:20    175 0 301
2013-05-22 17:24:32    233 0 301
2013-05-22 17:29:02    212 0 301
2013-05-22 17:29:09    5 0 301
2013-05-22 17:30:02    135 0 301
2013-05-22 17:30:41    196 0 301
2013-05-22 17:32:57    206 0 301
2013-05-22 17:33:42    33 0 301
2013-05-22 17:33:45    131 0 301
2013-05-22 17:34:26    258 0 301
2013-05-22 17:36:34    28 0 301
2013-05-22 20:41:50    246 0 301
2013-05-22 20:41:57    119 0 301
2013-05-22 20:42:31    45 0 301
2013-05-22 20:43:38    13 0 301
2013-05-22 20:47:11    69 0 301
2013-05-22 20:47:56    278 0 301
2013-05-22 20:50:21    45 0 301
2013-05-22 20:50:48    290 0 301
2013-05-22 20:51:54    266 0 301
2013-05-22 20:52:05    60 0 301
2013-05-22 20:52:08    231 0 301
2013-05-22 21:05:07    22 0 301
2013-05-22 21:07:07    235 0 301
2013-05-22 21:07:10    55 0 301
2013-05-22 21:07:18    18 0 301
2013-05-22 21:07:26    228 0 301
2013-05-22 21:11:15    119 0 301
2013-05-22 21:11:17    241 0 301
2013-05-22 21:11:19    81 0 301
2013-05-22 21:15:06    112 0 301
2013-05-22 21:18:50    235 0 301
2013-05-22 21:19:37    281 0 301
2013-05-22 21:21:36    76 0 301
2013-05-23 04:17:48    147 0 301
2013-05-23 04:19:01    145 0 301
2013-05-23 04:21:42    218 0 301
2013-05-23 04:22:53    69 0 301
2013-05-23 04:22:56    14 0 301
2013-05-23 04:23:22    212 0 301
2013-05-23 04:23:25    14 0 301
2013-05-23 04:24:26    210 0 301
2013-05-23 04:24:40    178 0 301
2013-05-23 04:24:43    9 0 301
2013-05-23 04:24:44    71 0 301
2013-05-23 19:50:24    93 0 301
2013-05-23 19:51:56    155 0 301
2013-05-23 19:54:08    92 0 301
2013-05-23 20:07:38    85 0 301
2013-05-24 00:36:46    65 0 301
2013-05-24 00:38:06    160 0 301
2013-05-24 00:38:47    144 0 301
2013-05-24 00:38:51    26 0 301
2013-05-24 00:39:23    54 0 301
2013-05-24 00:40:04    175 0 301
2013-05-24 00:40:06    196 0 301
2013-05-24 00:40:28    26 0 301
2013-05-24 00:41:10    26 0 301
