2015-01-30 09:04:17 rualark changed Chopin, Liszt from 4 to 3
2015-01-30 09:04:19 rualark changed Chopin, Liszt from 3 to 4
2015-01-30 10:33:38 rualark changed Brahms, Mahler from 0 to 3
2015-01-30 10:35:30 rualark changed Pärt, Satie, Piazzolla, Tiersen from  to 1
2015-01-30 10:47:42 rualark changed Beethoven, Chopin from 4 to 3
2015-01-30 10:51:06 rualark changed Dvorák, Mozart from 3 to 2
2015-01-30 10:51:09 rualark changed Beethoven, Chopin from 3 to 2
2015-01-30 10:52:42 rualark changed Tiomkin, Kancheli, Dunayevsky, Artemyev from 3 to 2
2015-01-30 10:53:28 rualark changed Puccini, Wagner from 4 to 3
2015-01-30 10:53:40 rualark changed Mahler, Wagner from 4 to 3
2015-01-30 10:53:54 rualark changed Glass, Xenakis, Young, Schaeffer, Stockhausen, Reich from 3 to 4
2015-01-30 10:54:13 rualark changed Brahms, Mahler, Tchaikovsky from 3 to 4
2015-01-30 10:54:35 rualark changed Brahms, Dvorák from 3 to 4
2015-01-30 10:54:56 rualark changed R Strauss, Wagner from 3 to 4
2015-01-30 10:55:14 rualark changed Boccherini, Paganini, Tartini, Vivaldi from 4 to 3
2015-01-30 10:55:34 rualark changed Xenakis, Stockhausen from 3 to 4
2015-01-30 10:55:52 rualark changed Beethoven, Schumann from 3 to 4
2015-01-30 10:56:01 rualark changed Beethoven, Haydn from 3 to 4
2015-01-30 10:56:38 rualark changed Bellini, Donizetti from 3 to 4
2015-01-30 10:56:54 rualark changed Beethoven, Mozart from 3 to 4
2015-01-30 10:57:48 rualark changed Rossini, Verdi from 2 to 3
2015-01-30 10:57:59 rualark changed Puccini, Wagner from 3 to 2
2015-01-30 10:58:03 rualark changed Cage, Kagel from 3 to 2
2015-01-30 10:58:14 rualark changed Beethoven, Liszt from 3 to 2
2015-01-30 10:59:12 rualark changed Haydn, Schumann from 2 to 3
2015-01-30 10:59:26 rualark changed Glinka, Offenbach from 2 to 3
2015-01-30 10:59:42 rualark changed Xenakis, Gubaidulina from 2 to 3
2015-01-30 11:00:08 rualark changed Mozart, Tchaikovsky from 1 to 2
2015-01-30 11:00:20 rualark changed Pärt, Satie, Piazzolla, Tiersen from 1 to 2
2015-01-30 11:00:29 rualark changed Mahler, Tchaikovsky from 1 to 2
2015-01-30 11:10:28 rualark changed Debussy, Gershwin, Glass, Mozart, Pärt, Satie, Piazzolla, Tiersen from  to 2
2015-01-30 20:20:36 rualark changed Beethoven, Schoenberg from 1 to 2
2015-01-30 20:20:43 rualark changed Stravinsky, Wagner from 1 to 2
2015-01-30 20:21:29 rualark changed Piazzolla, Golijov from 1 to 2
2015-01-30 21:42:38 rualark changed Dvorák, Haydn from 1 to 2
2015-01-30 21:42:56 rualark changed Machaut, Palestrina from 2 to 1
2015-01-30 21:45:00 rualark changed Paganini, Vivaldi from 2 to 1
2015-01-30 21:45:27 rualark changed Young, Reich from 2 to 1
2015-01-30 21:58:10 rualark changed Beethoven, Rachmaninov from 0 to 2
2015-01-30 22:11:11 rualark changed Mozart, Rachmaninov from 0 to 1
2015-01-30 22:11:35 rualark changed Mozart, Rachmaninov from 1 to 2
2015-01-30 22:22:24 rualark changed Gershwin, Rachmaninov from 0 to 1
2015-01-30 22:23:38 rualark changed Schaeffer, Partch from  to 1
2015-01-30 22:25:14 rualark changed J Williams, Zimmer from  to 3
2015-01-30 22:27:28 rualark changed J Williams, Morricone from  to 3
2015-01-30 22:28:29 rualark changed Adams, Cage, Glass, Pärt, Schnittke, Xenakis, Piazzolla, Nyman, Golijov, Young, Schaeffer... from  to 4
2015-01-30 22:28:46 rualark changed Cage, Bolcom from  to 2
2015-01-30 22:28:53 rualark changed Cage, Lucier from  to 2
2015-01-30 22:31:51 rualark changed Adams, Glass, Ades from  to 4
2015-01-30 22:32:04 rualark changed Gounod, Leoncavallo, Verdi from  to 4
2015-01-30 22:32:12 rualark changed Gounod, Leoncavallo, Verdi from 4 to 0
2015-01-30 22:32:23 rualark changed Bellini, Donizetti, Rossini from  to 4
2015-01-30 22:32:46 rualark changed Schaeffer, Ades from  to 1
2015-01-30 22:32:54 rualark changed Riley, Scelsi from  to 1
2015-01-30 22:33:01 rualark changed Nyman, Grisey from  to 1
2015-01-30 22:33:09 rualark changed Bernstein, Lachenmann from  to 1
2015-01-30 22:33:17 rualark changed Nancarrow, Stockhausen from  to 1
2015-01-30 22:33:26 rualark changed Young, Boulez from  to 1
2015-01-30 22:33:45 rualark changed CPE Bach, Schubert from  to 2
2015-01-30 22:33:53 rualark changed Kagel, Lucier from  to 2
2015-01-30 22:33:59 rualark changed Giacchino, Kancheli from  to 1
2015-01-30 22:34:35 rualark changed Murail, Subotnick from  to 2
2015-01-30 22:34:47 rualark changed Bernstein, Zimmermann from  to 2
2015-01-30 22:35:18 rualark changed Krenek, Berio from  to 3
2015-01-30 22:35:44 rualark changed Bartók, Schoenberg from  to 2
2015-01-30 22:35:56 rualark changed Copland, Bolcom from  to 3
2015-01-30 22:36:06 rualark changed Krenek, Wolpe from  to 3
2015-01-30 22:36:13 rualark changed Subotnick, Varèse from  to 4
2015-01-30 22:36:18 rualark changed Bernstein, Harris from  to 4
2015-01-30 22:36:29 rualark changed Bellini, Puccini from  to 4
2015-01-30 22:36:34 rualark changed Vangelis, Giacchino from  to 4
2015-01-30 22:36:39 rualark changed Copland, Davies from  to 4
2015-01-30 22:36:45 rualark changed Machaut, Pérotin from  to 4
2015-01-30 22:36:48 rualark changed Falla, Ravel from  to 4
2015-01-30 22:36:55 rualark changed Ives, Ravel from  to 4
2015-01-30 22:36:59 rualark changed Bernstein, Gershwin from  to 4
2015-01-30 22:37:04 rualark changed Wagner, Pfitzner from  to 4
2015-01-30 22:37:12 rualark changed Grieg, Rachmaninov from  to 4
2015-01-30 23:04:52 rualark changed Mahler, Mendelssohn from 2 to 3
2015-01-31 12:02:12 Morpheus changed JS Bach, Glass, Pérotin, Tchaikovsky, Vivaldi from  to 1
2015-01-31 12:02:31 Morpheus changed JS Bach, D Scarlatti from  to 2
2015-01-31 12:03:01 Morpheus changed Dvorák, Liszt, Rachmaninov from  to 3
2015-01-31 12:04:12 Morpheus changed Brahms, Mahler, Tchaikovsky from 4 to 3
2015-01-31 12:09:02 Morpheus changed Brahms, Dvorák from 4 to 3
2015-01-31 13:29:42 rualark changed JS Bach, Glass, Pérotin, Tchaikovsky, Vivaldi from 1 to 0
2015-01-31 13:34:24 rualark changed JS Bach, Corelli, F Couperin, Handel, Lully, Monteverdi, Pachelbel, Purcell, Rameau, D Scarlatti, Telemann... from 0 to 5
2015-01-31 13:36:00 rualark changed Byrd, Desprez, Dowland, Dufay, Lassus, Machaut, Palestrina, Pérotin, Tallis from 0 to 5
2015-01-31 13:37:20 rualark changed Arne, CPE Bach, Boccherini, Gluck, Haydn, Mozart, Pergolesi, Stamitz from 0 to 5
2015-01-31 13:39:02 rualark changed Beethoven, Berlioz, Bizet, Chopin, Glinka, Liszt, Mendelssohn, Paganini, Schubert, Schumann, Weber from 0 to 5
2015-01-31 13:41:30 rualark changed Bellini, Donizetti, Leoncavallo, Mahler, Mascagni, Mozart, Offenbach, Puccini, Rossini, R Strauss, Verdi... from 0 to 5
2015-01-31 13:44:46 rualark changed Borodin, Brahms, Bruckner, Dvorák, Elgar, Fauré, Grieg, Janáček, Mahler, Mussorgsky, Rachmaninov... from 0 to 5
2015-01-31 13:45:31 rualark changed Debussy, Dukas, Falla, Ravel, Satie from 0 to 5
2015-01-31 14:05:34 rualark changed Debussy, Falla, Ives, Saint-Saëns, Satie from  to 5
2015-01-31 14:05:36 rualark changed Adams, Bernstein, Cage, Glass, Pärt, Schnittke, Xenakis, Piazzolla, Nyman, Golijov, Young... from 0 to 5
2015-01-31 14:06:06 rualark changed Debussy, Falla, Ives, Saint-Saëns, Satie from 5 to 0
2015-01-31 14:06:20 rualark changed Barber, Bartók, Berg, Britten, Copland, Gershwin, Hindemith, Holst, Ives, Messiaen, Milhaud... from 0 to 5
2015-01-31 14:07:37 rualark changed Adams, Bernstein, Cage, Glass, Pärt, Schnittke, Xenakis, Piazzolla, Nyman, Tiersen, Krenek... from 0 to 5
2015-01-31 14:09:15 rualark changed Albinoni, JS Bach, Buxtehude, Corelli, F Couperin, G Gabrieli, Gesualdo, Gibbons, Handel, Lully, A Marcello... from 0 to 5
2015-01-31 14:11:25 rualark changed Albéniz, Borodin, Brahms, Bruckner, Chabrier, Delibes, Delius, Dvorák, Elgar, Fauré, Glazunov... from 0 to 5
2015-01-31 14:13:40 rualark changed Beethoven, Bellini, Berlioz, Bizet, Bruch, Chopin, Donizetti, Field, Franck, Glinka, Gottschalk... from 0 to 5
2015-01-31 14:16:43 rualark changed J Williams, Zimmer, Howard, Horner, Morricone, Shore, T Newman, R Newman from 0 to 5
2015-01-31 14:16:47 rualark changed J Williams, Zimmer, Howard, Horner, Elfman, Herrmann, Barry, Vangelis, Morricone, Goldsmith, Carpenter... from 0 to 5
2015-01-31 14:21:00 rualark changed Adams, Bernstein, Cage, Glass, Pärt, Schnittke, Xenakis, Piazzolla, Nyman, Tiersen, Krenek... from 5 to 6
2015-01-31 14:21:10 rualark changed Albinoni, JS Bach, Buxtehude, Corelli, F Couperin, G Gabrieli, Gesualdo, Gibbons, Handel, Lully, A Marcello... from 5 to 6
2015-01-31 14:21:19 rualark changed Beethoven, Bellini, Berlioz, Bizet, Bruch, Chopin, Donizetti, Field, Franck, Glinka, Gottschalk... from 5 to 6
2015-01-31 14:21:27 rualark changed J Williams, Zimmer, Howard, Horner, Elfman, Herrmann, Barry, Vangelis, Morricone, Goldsmith, Carpenter... from 5 to 6
2015-01-31 14:22:25 rualark changed Albéniz, Borodin, Brahms, Bruckner, Chabrier, Delibes, Delius, Dvorák, Elgar, Fauré, Glazunov... from 5 to 6
2015-01-31 14:23:48 rualark changed Arnold, Barber, Bartók, Bax, Berg, Bridge, Britten, Copland, Gershwin, Glière, Grainger... from 0 to 6
2015-02-14 12:11:31 rualark changed Subotnick, Varèse from 4 to 3
2015-02-23 11:42:15 rualark changed Messiaen, Schoenberg, Webern from 0 to 4
2015-02-23 11:42:31 rualark changed Messiaen, Schoenberg from 0 to 4
2015-02-23 11:42:57 rualark changed Debussy, Rachmaninov, Shostakovich from 0 to 3
2015-02-23 11:43:09 rualark changed Prokofiev, Shostakovich from 0 to 4
2015-02-23 11:43:38 rualark changed Berg, Webern from 0 to 3
2015-02-23 11:43:45 rualark changed Schoenberg, Webern from 0 to 4
2015-02-23 11:43:56 rualark changed Berg, Schoenberg from 0 to 3
2015-02-23 11:44:11 rualark changed Messiaen, Webern from 0 to 4
2015-02-23 11:45:02 rualark changed Berg, Shostakovich from 0 to 2
2015-02-23 11:45:14 rualark changed Berlioz, Elgar, Shostakovich from 0 to 4
2015-02-23 11:45:26 rualark changed Berlioz, Shostakovich from 0 to 3
2015-02-23 11:45:39 rualark changed Shostakovich, Webern from 0 to 3
2015-02-23 11:45:53 rualark changed Shostakovich, Webern from 3 to 2
2015-02-23 11:46:37 rualark changed Bruch, Bruckner from 0 to 3
2015-02-23 11:47:10 rualark changed Bartók, Ravel from 0 to 2
2015-02-23 11:47:30 rualark changed Brahms, Bruckner from 0 to 4
2015-02-23 11:47:49 rualark changed Bruckner, Rachmaninov from 0 to 4
2015-02-23 11:47:56 rualark changed Bruckner, Tchaikovsky from 0 to 4
2015-02-23 11:48:33 rualark changed Bruckner, Wagner from 0 to 4
2015-02-23 11:49:08 rualark changed Brahms, Bruckner from 4 to 3
2015-02-23 11:49:25 rualark changed Bruckner, Tchaikovsky from 4 to 3
2015-02-23 11:50:17 rualark changed Dvorák, Haydn from 2 to 3
2015-02-23 11:50:25 rualark changed Bartók, Schoenberg from 2 to 3
2015-03-07 08:59:18 rualark changed Feldman, Varèse from 0 to 2
2015-03-07 08:59:47 rualark changed Rimsky-Korsakov, Sibelius from 0 to 4
2015-03-07 08:59:56 rualark changed Rimsky-Korsakov, Sibelius from 4 to 3
2015-03-07 09:00:38 rualark changed Fauré, Schubert from 0 to 2
2015-03-07 09:02:18 rualark changed Shostakovich, Sibelius from 0 to 3
2015-03-07 09:02:39 rualark changed Tchaikovsky, Dunayevsky from 0 to 2
2015-03-07 09:02:57 rualark changed Rachmaninov, Scriabin from 0 to 2
2015-03-07 09:03:52 rualark changed Fauré, Schubert from 2 to 3
2015-03-07 11:39:17 rualark changed Grieg, Sibelius from 4 to 3
2015-03-07 16:54:22 rualark changed Dvorák, Sibelius from 0 to 4
2015-03-07 16:54:40 rualark changed Rimsky-Korsakov, Sibelius from 3 to 4
2015-03-15 22:12:51 rualark changed Villa-Lobos, Piazzolla, Golijov, Kagel from 0 to 4
2015-03-15 22:13:03 rualark changed Albéniz, Falla, Granados, Rodrigo, Sarasate, Young from 0 to 5
2015-03-15 22:13:08 rualark changed Villa-Lobos, Piazzolla, Golijov, Kagel from 4 to 5
2015-03-15 22:13:14 rualark changed Arne, Arnold, Bax, Birtwistle, Bridge, Britten, Byrd, Delius, Dowland, Elgar, Field... from 0 to 5
2015-03-15 22:13:22 rualark changed Britten, Byrd, Elgar, Gibbons, Holst, Purcell, RV Williams, Walton from 0 to 4
2015-03-15 22:13:45 rualark changed Adams, Antheil, Babbitt, Barber, Bernstein, Bolcom, Cage, Carter, Copland, Cowell, Feldman... from 0 to 6
2015-03-15 22:14:14 rualark changed Adams, Antheil, Babbitt, Barber, Bernstein, Bolcom, Cage, Carter, Copland, Cowell, Feldman... from 0 to 5
2015-03-15 22:14:23 rualark changed Adams, Bernstein, Cage, Copland, Gershwin, Glass, Reich, J Williams, Riley, Partch from 0 to 4
2015-03-15 22:14:33 rualark changed Albinoni, Bellini, Berio, Boccherini, Busoni, Corelli, Donizetti, G Gabrieli, Gesualdo, Leoncavallo, A Marcello... from 0 to 6
2015-03-15 22:14:37 rualark changed Bellini, Donizetti, Monteverdi, Nono, Paganini, Palestrina, Puccini, Rossini, Verdi, Vivaldi, Morricone from 0 to 5
2015-03-15 22:15:01 rualark changed Bartók, Chopin, Dvorák, Honegger, Janáček, Khachaturian, Ligeti, Liszt, Lutosławski, Martin, Pärt... from 0 to 5
2015-03-15 22:15:12 rualark changed Berlioz, Bizet, Boulez, Chabrier, F Couperin, Debussy, Delibes, Desprez, Dufay, Dukas, Fauré... from 0 to 6
2015-03-15 22:15:29 rualark changed Berlioz, Bizet, Boulez, F Couperin, Debussy, Fauré, Franck, Gounod, Lassus, Lully, Machaut... from 0 to 5
2015-03-15 22:15:32 rualark changed CPE Bach, JS Bach, Beethoven, Berg, Brahms, Bruch, Bruckner, Buxtehude, Gluck, Handel, Haydn... from 0 to 6
2015-03-15 22:15:36 rualark changed CPE Bach, JS Bach, Beethoven, Brahms, Bruckner, Gluck, Handel, Haydn, Hindemith, Mahler, Mendelssohn... from 0 to 5
2015-03-15 22:15:50 rualark changed Borodin, Glazunov, Glière, Glinka, Gubaidulina, Mussorgsky, Prokofiev, Rachmaninov, Rimsky-Korsakov, Rubinstein, Scriabin... from 0 to 6
2015-03-15 22:16:38 rualark changed Hindemith, Poulenc from 0 to 3
2015-03-15 22:17:13 rualark changed Gershwin, Milhaud from 0 to 3
2015-03-15 22:17:31 rualark changed Barber, Prokofiev from 0 to 3
2015-03-15 22:17:44 rualark changed Hindemith, Poulenc from 3 to 2
2015-03-15 22:18:31 rualark changed Sibelius, R Strauss from 0 to 3
2015-03-15 22:18:42 rualark changed Mahler, Sibelius from 0 to 3
2015-03-15 22:18:52 rualark changed Gluck, Mozart from 0 to 3
2015-03-15 22:19:07 rualark changed Feldman, Scelsi from 0 to 2
2015-03-15 22:19:26 rualark changed Feldman, Wolpe from 0 to 2
2015-03-15 22:19:42 rualark changed Fauré, Sibelius from 0 to 3
2015-04-05 20:54:25 rualark changed Chopin, Rachmaninov from 0 to 3
2015-04-06 21:12:23 rualark changed Ades, Schaeffer from 1 to 2
2015-04-06 21:12:39 rualark changed Satie, Tiersen from 1 to 2
2015-04-06 21:13:09 rualark changed Scelsi, Riley from 1 to 2
2015-04-06 21:13:20 rualark changed Machaut, Palestrina from 1 to 2
2015-04-06 21:13:24 rualark changed Nyman, Grisey from 1 to 2
2015-04-06 21:13:32 rualark changed Bernstein, Lachenmann from 1 to 2
2015-04-06 21:13:45 rualark changed Reich, Young from 1 to 2
2015-04-06 21:13:50 rualark changed Stockhausen, Nancarrow from 1 to 2
2015-04-06 21:14:16 rualark changed Giacchino, Kancheli from 1 to 0
2015-04-06 21:18:10 rualark changed J Williams, Kancheli from 0 to 1
2015-04-06 21:18:44 rualark changed JS Bach, Glass, Pérotin, Tchaikovsky from 1 to 2
2015-04-06 21:18:49 rualark changed Boulez, Young from 1 to 2
2015-04-06 21:19:01 rualark changed Partch, Schaeffer from 1 to 2
2015-04-06 21:26:03 rualark changed Handel, Schoenberg from 0 to 1
2015-04-06 21:33:24 rualark changed Debussy, Haydn from 0 to 1
2015-04-19 11:39:52 rualark changed Berlioz, Bizet, Debussy, Delibes, Dukas, Fauré, Gounod, Lully, Massenet, Messiaen, Poulenc... from 0 to 5
2015-04-28 17:00:25 rualark changed Glazunov, Mahler from 0 to 4
2015-04-28 17:01:09 rualark changed Glazunov, R Strauss from 0 to 3
2015-05-24 18:27:26 rualark changed Bartók, Chopin, Dvorák, Janáček, Ligeti, Liszt, Lutosławski, Pärt, Penderecki, Smetana from 0 to 4
