to: ComposerQuiz@gmail.com sub: Rualark replied to your discussion in CQuiz mess: Rualark replied to your discussion in CQuiz:

123

To view full reply, visit: 
alch.strangled.net//cquiz/rating.php?level=5&cab=010400000000800000000004000000000080 headers: From: ComposerQuiz@gmail.com
Reply-To: ComposerQuiz@gmail.com
Bcc: novalis421@qq.com, v.sazontova@gmail.com, 
X-Mailer: PHP/5.2.14
to: ComposerQuiz@gmail.com sub: Rualark replied to your discussion in CQuiz mess: Rualark replied to your discussion in CQuiz:

234

To view full reply, visit: 
alch.strangled.net//cquiz/rating.php?level=5&cab=010400000000800000000004000000000080 headers: From: ComposerQuiz@gmail.com
Reply-To: ComposerQuiz@gmail.com
Bcc: novalis421@qq.com, v.sazontova@gmail.com, 
X-Mailer: PHP/5.2.14
to: ComposerQuiz@gmail.com sub: Rualark replied to your discussion in CQuiz mess: Rualark replied to your discussion in CQuiz:

345

To view full reply, visit: 
alch.strangled.net//cquiz/rating.php?level=5&cab=010400000000800000000004000000000080 headers: From: ComposerQuiz@gmail.com
Reply-To: ComposerQuiz@gmail.com
Bcc: novalis421@qq.com, , 
X-Mailer: PHP/5.2.14
to: ComposerQuiz@gmail.com sub: Rualark replied to your discussion in CQuiz mess: Rualark replied to your discussion in CQuiz:

456

To view full reply, visit: 
alch.strangled.net//cquiz/rating.php?level=5&cab=010400000000800000000004000000000080 headers: From: ComposerQuiz@gmail.com
Reply-To: ComposerQuiz@gmail.com
Bcc: novalis421@qq.com, 
X-Mailer: PHP/5.2.14
to: ComposerQuiz@gmail.com sub: Rualark replied to your discussion in CQuiz mess: Rualark replied to your discussion in CQuiz:

111

To view full reply, visit: 
alch.strangled.net//cquiz/rating.php?level=5&cab=010400000000800000000004000000000080 headers: From: ComposerQuiz@gmail.com
Reply-To: ComposerQuiz@gmail.com
Bcc: novalis421@qq.com, 
X-Mailer: PHP/5.2.14
to: ComposerQuiz@gmail.com sub: Rualark replied to your discussion in CQuiz mess: Rualark replied to your discussion in CQuiz:

222

To view full reply, visit: 
alch.strangled.net//cquiz/rating.php?level=5&cab=010400000000800000000004000000000080 headers: From: ComposerQuiz@gmail.com
Reply-To: ComposerQuiz@gmail.com
Bcc: novalis421@qq.com, 
X-Mailer: PHP/5.2.14
to: ComposerQuiz@gmail.com sub: Rualark replied to your discussion in CQuiz mess: Rualark replied to your discussion in CQuiz:

123

To view full reply, visit: 
alch.strangled.net//cquiz/rating.php?level=5&cab=0400000000800000000004000000000080 headers: From: ComposerQuiz@gmail.com
Reply-To: ComposerQuiz@gmail.com
Bcc: , 
X-Mailer: PHP/5.2.14
to: ComposerQuiz@gmail.com sub: Rualark replied to your discussion in CQuiz mess: Rualark replied to your discussion in CQuiz:

234

To view full reply, visit: 
alch.strangled.net//cquiz/rating.php?level=5&cab=0400000000800000000004000000000080 headers: From: ComposerQuiz@gmail.com
Reply-To: ComposerQuiz@gmail.com
Bcc: 
X-Mailer: PHP/5.2.14
to: ComposerQuiz@gmail.com sub: Rualark replied to your discussion in CQuiz mess: Rualark replied to your discussion in CQuiz:

111

To view full reply, visit: 
alch.strangled.net//cquiz/rating.php?level=5&cab=0400000000800000000004000000000080 headers: From: ComposerQuiz@gmail.com
Reply-To: ComposerQuiz@gmail.com
Bcc: v.sazontova@gmail.com, Morpeheus@gmail.com, 
X-Mailer: PHP/5.2.14
to: ComposerQuiz@gmail.com sub: Rualark2 replied to your discussion in CQuiz mess: Rualark2 replied to your discussion in CQuiz:

test

To view full reply, visit: 
alch.strangled.net//cquiz/rating.php?level=5&cab=010400000000800000000004000000000080

You can unsubscribe from emails in preferences. headers: From: ComposerQuiz@gmail.com
Reply-To: ComposerQuiz@gmail.com
Bcc: rualark@gmail.com, novalis421@qq.com, v.sazontova@gmail.com, novalis421@qq.com, 
X-Mailer: PHP/5.2.14
to: $ua[u_email] sub: Password for CQuiz mess: Please follow the link to set new password for user $ua[u_name]:\r\n\r\n".$_SERVER["HTTP_HOST"]."/".dirname($_SERVER["REQUEST_URI"])."/mailpass.php?u_id=$ua[u_id]&h=$ua[u_pass] headers: From: ComposerQuiz@gmail.com
Reply-To: ComposerQuiz@gmail.com
X-Mailer: PHP/5.2.14
to: rualark@gmail.com sub: Password for CQuiz mess: Please follow the link to set new password for user Rualark:

alch.strangled.net//cquiz/mailpass.php?u_id=27&h=*C80A94EF37B4CA1599BA47CC95530C43CACD7DA5 headers: From: ComposerQuiz@gmail.com
Reply-To: ComposerQuiz@gmail.com
X-Mailer: PHP/5.2.14
to: rualark@gmail.com sub: Password for CQuiz mess: Please follow the link to set new password for user Rualark:

alch.strangled.net/cquiz/mailpass.php?u_id=27&h=congress headers: From: ComposerQuiz@gmail.com
Reply-To: ComposerQuiz@gmail.com
X-Mailer: PHP/5.2.14
to: rualark@gmail.com sub: Password for CQuiz mess: Please follow the link to set new password for user Rualark:

alch.strangled.net/cquiz/mailpass.php?u_id=27&h=PASSWORD(service) headers: From: ComposerQuiz@gmail.com
Reply-To: ComposerQuiz@gmail.com
X-Mailer: PHP/5.2.14
to: Morpeheus@gmail.com sub: Password for CQuiz mess: Please follow the link to set new password for user Morpheus:

alch.strangled.net/cquiz/mailpass.php?u_id=14&h=*25556C73052F2181921D3693AC0279D833446760

You received this mail because someone tried to recover your password. If it was not you, you can do nothing. headers: From: ComposerQuiz@gmail.com
Reply-To: ComposerQuiz@gmail.com
Bcc: ComposerQuiz@gmail.com
X-Mailer: PHP/5.2.14
to: rualark@gmail.com sub: Password for CQuiz mess: Please follow the link to set new password for user Rualark:

alch.strangled.net/cquiz/mailpass.php?u_id=27&h=*C80A94EF37B4CA1599BA47CC95530C43CACD7DA5

You received this mail because someone tried to recover your password. If it was not you, you can do nothing. headers: From: ComposerQuiz@gmail.com
Reply-To: ComposerQuiz@gmail.com
Bcc: ComposerQuiz@gmail.com
X-Mailer: PHP/5.2.14
to: novalis421@qq.com sub: Password for CQuiz mess: Please follow the link to set new password for user novalis421:

alch.strangled.net/cquiz/mailpass.php?u_id=463&h=*5B12DC437E06194C714DA09F91770DE2FEDCAAA6

You received this mail because someone tried to recover your password. If it was not you, you can do nothing. headers: From: ComposerQuiz@gmail.com
Reply-To: ComposerQuiz@gmail.com
Bcc: ComposerQuiz@gmail.com
X-Mailer: PHP/5.2.14
to: novalis421@qq.com sub: Password for CQuiz mess: Please follow the link to set new password for user novalis421:

alch.strangled.net/cquiz/mailpass.php?u_id=463&h=*5B12DC437E06194C714DA09F91770DE2FEDCAAA6

You received this mail because someone tried to recover your password. If it was not you, you can do nothing. headers: From: ComposerQuiz@gmail.com
Reply-To: ComposerQuiz@gmail.com
Bcc: ComposerQuiz@gmail.com
X-Mailer: PHP/5.2.14
to: enchantner@gmail.com sub: Password for CQuiz mess: Please follow the link to set new password for user enchantner:

alch.strangled.net/cquiz/mailpass.php?u_id=685&h=*759818C794A5325D63B69311B8BE5D2F7E433A03

You received this mail because someone tried to recover your password. If it was not you, you can do nothing. headers: From: ComposerQuiz@gmail.com
Reply-To: ComposerQuiz@gmail.com
Bcc: ComposerQuiz@gmail.com
X-Mailer: PHP/5.2.14
to: vasilykorf@gmail.com sub: Password for CQuiz mess: Please follow the link to set new password for user korfich:

alch.strangled.net/cquiz/mailpass.php?u_id=716&h=*B1E41E8580AB191B43A46FB754EC24627DF6D4CF

You received this mail because someone tried to recover your password. If it was not you, you can do nothing. headers: From: ComposerQuiz@gmail.com
Reply-To: ComposerQuiz@gmail.com
Bcc: ComposerQuiz@gmail.com
X-Mailer: PHP/5.2.14
to: vasilykorf@gmail.com sub: Password for CQuiz mess: Please follow the link to set new password for user korfich:

alch.strangled.net/cquiz/mailpass.php?u_id=716&h=*B1E41E8580AB191B43A46FB754EC24627DF6D4CF

You received this mail because someone tried to recover your password. If it was not you, you can do nothing. headers: From: ComposerQuiz@gmail.com
Reply-To: ComposerQuiz@gmail.com
Bcc: ComposerQuiz@gmail.com
X-Mailer: PHP/5.2.14
to: yva1950@gmail.com sub: Password for CQuiz mess: Please follow the link to set new password for user YVArkh:

alch.strangled.net/cquiz/mailpass.php?u_id=15&h=*E3E054C0233FE7F44AE27A929D877C2B3222F214

You received this mail because someone tried to recover your password. If it was not you, you can do nothing. headers: From: ComposerQuiz@gmail.com
Reply-To: ComposerQuiz@gmail.com
Bcc: ComposerQuiz@gmail.com
X-Mailer: PHP/5.2.14
to: artiom.seleznev@gmail.com sub: Password for CQuiz mess: Please follow the link to set new password for user artiom:

alch.strangled.net/cquiz/mailpass.php?u_id=888&h=*AD98BDAC84A0D28B2396CF91E35DE054ED212202

You received this mail because someone tried to recover your password. If it was not you, you can do nothing. headers: From: ComposerQuiz@gmail.com
Reply-To: ComposerQuiz@gmail.com
Bcc: ComposerQuiz@gmail.com
X-Mailer: PHP/5.2.14
to: subramanianchandrasecar@gmail.com  sub: Password for CQuiz mess: Please follow the link to set new password for user filtros:

alch.strangled.net/cquiz/mailpass.php?u_id=725&h=*E2EF6EF6136DB3CB73A1B7C5588BD09CF8602894

You received this mail because someone tried to recover your password. If it was not you, you can do nothing. headers: From: ComposerQuiz@gmail.com
Reply-To: ComposerQuiz@gmail.com
Bcc: ComposerQuiz@gmail.com
X-Mailer: PHP/5.2.14
to: subramanianchandrasecar@gmail.com  sub: Password for CQuiz mess: Please follow the link to set new password for user filtros:

alch.strangled.net/cquiz/mailpass.php?u_id=725&h=*E2EF6EF6136DB3CB73A1B7C5588BD09CF8602894

You received this mail because someone tried to recover your password. If it was not you, you can do nothing. headers: From: ComposerQuiz@gmail.com
Reply-To: ComposerQuiz@gmail.com
Bcc: ComposerQuiz@gmail.com
X-Mailer: PHP/5.2.14
to: serg_ermak@list.ru sub: Password for CQuiz mess: Please follow the link to set new password for user wingedhorror:

alch.strangled.net/cquiz/mailpass.php?u_id=1117&h=*6B613737631E3BAC0D603AD2D9ACB22DB906DFC2

You received this mail because someone tried to recover your password. If it was not you, you can do nothing. headers: From: ComposerQuiz@gmail.com
Reply-To: ComposerQuiz@gmail.com
Bcc: ComposerQuiz@gmail.com
X-Mailer: PHP/5.2.14
to: michael.gorohov@gmail.com sub: Password for CQuiz mess: Please follow the link to set new password for user bezuderzh:

alch.strangled.net/cquiz/mailpass.php?u_id=1125&h=*5B0B214E3DF4DFA0C45F5E62E6BB575FE70D546A

You received this mail because someone tried to recover your password. If it was not you, you can do nothing. headers: From: ComposerQuiz@gmail.com
Reply-To: ComposerQuiz@gmail.com
Bcc: ComposerQuiz@gmail.com
X-Mailer: PHP/5.2.14
to: toptun@land.ru sub: Password for CQuiz mess: Please follow the link to set new password for user Moscow:

alch.strangled.net/cquiz/mailpass.php?u_id=1151&h=*40526E5791ECCB2A4C587F361109C1CEEA673A13

You received this mail because someone tried to recover your password. If it was not you, you can do nothing. headers: From: ComposerQuiz@gmail.com
Reply-To: ComposerQuiz@gmail.com
Bcc: ComposerQuiz@gmail.com
X-Mailer: PHP/5.2.14
to: redixin@yandex.ru sub: Password for CQuiz mess: Please follow the link to set new password for user redixin:

alch.strangled.net/cquiz/mailpass.php?u_id=930&h=*C6D63F5921CF2164139C53FD67E5B5D00214B412

You received this mail because someone tried to recover your password. If it was not you, you can do nothing. headers: From: ComposerQuiz@gmail.com
Reply-To: ComposerQuiz@gmail.com
Bcc: ComposerQuiz@gmail.com
X-Mailer: PHP/5.2.14
to: palliativee@yandex.ru sub: Password for CQuiz mess: Please follow the link to set new password for user palliative:

alch.strangled.net/cquiz/mailpass.php?u_id=1166&h=*F9039DA393091E9A7591B45254E2654B92D95EC0

You received this mail because someone tried to recover your password. If it was not you, you can do nothing. headers: From: ComposerQuiz@gmail.com
Reply-To: ComposerQuiz@gmail.com
Bcc: ComposerQuiz@gmail.com
X-Mailer: PHP/5.2.14
to: hostelandme@mail.ru sub: Password for CQuiz mess: Please follow the link to set new password for user Proteus:

alch.strangled.net/cquiz/mailpass.php?u_id=1168&h=*1E2F848D42F87FA4B4D1B2239809B75E05ECB723

You received this mail because someone tried to recover your password. If it was not you, you can do nothing. headers: From: ComposerQuiz@gmail.com
Reply-To: ComposerQuiz@gmail.com
Bcc: ComposerQuiz@gmail.com
X-Mailer: PHP/5.2.14
to: mapbejl@mail.ru sub: Password for CQuiz mess: Please follow the link to set new password for user Mapbejl:

alch.strangled.net/cquiz/mailpass.php?u_id=943&h=*FD2519B1665A77159A51B427B0992141E8430173

You received this mail because someone tried to recover your password. If it was not you, you can do nothing. headers: From: ComposerQuiz@gmail.com
Reply-To: ComposerQuiz@gmail.com
Bcc: ComposerQuiz@gmail.com
X-Mailer: PHP/5.2.14
to: rusound@gmail.com sub: Password for CQuiz mess: Please follow the link to set new password for user myshi:

alch.strangled.net/cquiz/mailpass.php?u_id=1269&h=*6BB4837EB74329105EE4568DDA7DC67ED2CA2AD9

You received this mail because someone tried to recover your password. If it was not you, you can do nothing. headers: From: ComposerQuiz@gmail.com
Reply-To: ComposerQuiz@gmail.com
Bcc: ComposerQuiz@gmail.com
X-Mailer: PHP/5.2.14
to: mixail121@mail.ru sub: Password for CQuiz mess: Please follow the link to set new password for user Genereux:

alch.strangled.net/cquiz/mailpass.php?u_id=1358&h=*6B6D174A50BE06554AA167AD8B175E1C543D68D9

You received this mail because someone tried to recover your password. If it was not you, you can do nothing. headers: From: ComposerQuiz@gmail.com
Reply-To: ComposerQuiz@gmail.com
Bcc: ComposerQuiz@gmail.com
X-Mailer: PHP/5.2.14
to: baradvor@gmail.com sub: Password for CQuiz mess: Please follow the link to set new password for user barich:

alch.strangled.net/cquiz/mailpass.php?u_id=1295&h=*B50BB5463081B7F0BD263FF8B4CC4CF8AC1415ED

You received this mail because someone tried to recover your password. If it was not you, you can do nothing. headers: From: ComposerQuiz@gmail.com
Reply-To: ComposerQuiz@gmail.com
Bcc: ComposerQuiz@gmail.com
X-Mailer: PHP/5.2.14
to: miflesnoy@gmail.com sub: Password for CQuiz mess: Please follow the link to set new password for user miff:

alch.strangled.net/cquiz/mailpass.php?u_id=1223&h=*BCCEDDAE27BC47395EB51AF28F8DCB47B21819BB

You received this mail because someone tried to recover your password. If it was not you, you can do nothing. headers: From: ComposerQuiz@gmail.com
Reply-To: ComposerQuiz@gmail.com
Bcc: ComposerQuiz@gmail.com
X-Mailer: PHP/5.2.14
to: forxigan@gmail.com sub: Password for CQuiz mess: Please follow the link to set new password for user forxigan:

alch.strangled.net/cquiz/mailpass.php?u_id=1457&h=*3CB365F7B82EEE24D01D5B1BE6B362169B08F4B0

You received this mail because someone tried to recover your password. If it was not you, you can do nothing. headers: From: ComposerQuiz@gmail.com
Reply-To: ComposerQuiz@gmail.com
Bcc: ComposerQuiz@gmail.com
X-Mailer: PHP/5.2.14
to: forxigan@gmail.com sub: Password for CQuiz mess: Please follow the link to set new password for user forxigan:

alch.strangled.net/cquiz/mailpass.php?u_id=1457&h=*3CB365F7B82EEE24D01D5B1BE6B362169B08F4B0

You received this mail because someone tried to recover your password. If it was not you, you can do nothing. headers: From: ComposerQuiz@gmail.com
Reply-To: ComposerQuiz@gmail.com
Bcc: ComposerQuiz@gmail.com
X-Mailer: PHP/5.2.14
to: outside_of@inbox.ru sub: Password for CQuiz mess: Please follow the link to set new password for user outside_of:

alch.strangled.net/cquiz/mailpass.php?u_id=1481&h=*CC67043C7BCFF5EEA5566BD9B1F3C74FD9A5CF5D

You received this mail because someone tried to recover your password. If it was not you, you can do nothing. headers: From: ComposerQuiz@gmail.com
Reply-To: ComposerQuiz@gmail.com
Bcc: ComposerQuiz@gmail.com
X-Mailer: PHP/5.2.14
to: outside_of@inbox.ru sub: Password for CQuiz mess: Please follow the link to set new password for user outside_of:

alch.strangled.net/cquiz/mailpass.php?u_id=1481&h=*CC67043C7BCFF5EEA5566BD9B1F3C74FD9A5CF5D

You received this mail because someone tried to recover your password. If it was not you, you can do nothing. headers: From: ComposerQuiz@gmail.com
Reply-To: ComposerQuiz@gmail.com
Bcc: ComposerQuiz@gmail.com
X-Mailer: PHP/5.2.14
to: outside_of@inbox.ru sub: Password for CQuiz mess: Please follow the link to set new password for user outside_of:

alch.strangled.net/cquiz/mailpass.php?u_id=1481&h=*CC67043C7BCFF5EEA5566BD9B1F3C74FD9A5CF5D

You received this mail because someone tried to recover your password. If it was not you, you can do nothing. headers: From: ComposerQuiz@gmail.com
Reply-To: ComposerQuiz@gmail.com
Bcc: ComposerQuiz@gmail.com
X-Mailer: PHP/5.2.14
to: 278747877@qq.com sub: Password for CQuiz mess: Please follow the link to set new password for user Chaos:

alch.strangled.net/cquiz/mailpass.php?u_id=625&h=*48988DE3C6ABF91327B641580BA3286EF77A9401

You received this mail because someone tried to recover your password. If it was not you, you can do nothing. headers: From: ComposerQuiz@gmail.com
Reply-To: ComposerQuiz@gmail.com
Bcc: ComposerQuiz@gmail.com
X-Mailer: PHP/5.3.29
to: carnivorous_sheep@hotmail.com sub: Password for CQuiz mess: Please follow the link to set new password for user csheep:

e.amproj.ru/cquiz/mailpass.php?u_id=274&h=*B8C659421516A93EC93A873ABA35338C7708F711

You received this mail because someone tried to recover your password. If it was not you, you can do nothing. headers: From: ComposerQuiz@gmail.com
Reply-To: ComposerQuiz@gmail.com
Bcc: ComposerQuiz@gmail.com
X-Mailer: PHP/5.3.29
to: theproject@euge.ca sub: Password for CQuiz mess: Please follow the link to set new password for user theProject:

e.amproj.ru/cquiz/mailpass.php?u_id=1765&h=*2E9FF868062A04E725651E86779FCF6BBDF4BA52

You received this mail because someone tried to recover your password. If it was not you, you can do nothing. headers: From: ComposerQuiz@gmail.com
Reply-To: ComposerQuiz@gmail.com
Bcc: ComposerQuiz@gmail.com
X-Mailer: PHP/5.6.3
to: holyshittalkingmuffin@gmail.com sub: Password for CQuiz mess: Please follow the link to set new password for user mahlerween:

e.amproj.ru/cquiz/mailpass.php?u_id=1623&h=*AF4D740D627F43CB4816D770666AE63C69CF17C7

You received this mail because someone tried to recover your password. If it was not you, you can do nothing. headers: From: ComposerQuiz@gmail.com
Reply-To: ComposerQuiz@gmail.com
Bcc: ComposerQuiz@gmail.com
X-Mailer: PHP/5.6.3
to: artiom.seleznev@gmail.com sub: Password for CQuiz mess: Please follow the link to set new password for user artiom:

alch.strangled.net/cquiz/mailpass.php?u_id=888&h=*AB93A5FD863BF514B5F77473579FA23790CB353C

You received this mail because someone tried to recover your password. If it was not you, you can do nothing. headers: From: ComposerQuiz@gmail.com
Reply-To: ComposerQuiz@gmail.com
Bcc: ComposerQuiz@gmail.com
X-Mailer: PHP/5.6.3
to: artiom.seleznev@gmail.com sub: Password for CQuiz mess: Please follow the link to set new password for user artiom:

alch.strangled.net/cquiz/mailpass.php?u_id=888&h=*A6C243764CD2A4203C7BA47303E1228EA553B38D

You received this mail because someone tried to recover your password. If it was not you, you can do nothing. headers: From: ComposerQuiz@gmail.com
Reply-To: ComposerQuiz@gmail.com
Bcc: ComposerQuiz@gmail.com
X-Mailer: PHP/5.6.3
to: wusaaap@mail.ru sub: Password for CQuiz mess: Please follow the link to set new password for user polyno4nick:

alch.strangled.net/cquiz/mailpass.php?u_id=670&h=*20D0E928B0B4C837EDDCE0F9825151CBDBE6F335

You received this mail because someone tried to recover your password. If it was not you, you can do nothing. headers: From: ComposerQuiz@gmail.com
Reply-To: ComposerQuiz@gmail.com
Bcc: ComposerQuiz@gmail.com
X-Mailer: PHP/5.6.3
to: tw4w3t@gmail.com sub: Password for CQuiz mess: Please follow the link to set new password for user Loli-chan:

alch.strangled.net/cquiz/mailpass.php?u_id=1495&h=*2B63130827DBAEF45B74FC68A59FAE1BF7EC5D6E

You received this mail because someone tried to recover your password. If it was not you, you can do nothing. headers: From: ComposerQuiz@gmail.com
Reply-To: ComposerQuiz@gmail.com
Bcc: ComposerQuiz@gmail.com
X-Mailer: PHP/5.6.3
to: natalkafomenko@mail.ru sub: Password for CQuiz mess: Please follow the link to set new password for user Nata:

alch.strangled.net/cquiz/mailpass.php?u_id=1010&h=*67652229F91BD1FB7FABD038E33959D12EB569D5

You received this mail because someone tried to recover your password. If it was not you, you can do nothing. headers: From: ComposerQuiz@gmail.com
Reply-To: ComposerQuiz@gmail.com
Bcc: ComposerQuiz@gmail.com
X-Mailer: PHP/5.6.3
to: natalkafomenko@mail.ru sub: Password for CQuiz mess: Please follow the link to set new password for user Nata:

alch.strangled.net/cquiz/mailpass.php?u_id=1010&h=*67652229F91BD1FB7FABD038E33959D12EB569D5

You received this mail because someone tried to recover your password. If it was not you, you can do nothing. headers: From: ComposerQuiz@gmail.com
Reply-To: ComposerQuiz@gmail.com
Bcc: ComposerQuiz@gmail.com
X-Mailer: PHP/5.6.3
to: natalkafomenko@mail.ru sub: Password for CQuiz mess: Please follow the link to set new password for user Nata:

alch.strangled.net/cquiz/mailpass.php?u_id=1010&h=*67652229F91BD1FB7FABD038E33959D12EB569D5

You received this mail because someone tried to recover your password. If it was not you, you can do nothing. headers: From: ComposerQuiz@gmail.com
Reply-To: ComposerQuiz@gmail.com
Bcc: ComposerQuiz@gmail.com
X-Mailer: PHP/5.6.3
to: timofei.davydik@gmail.com sub: Password for CQuiz mess: Please follow the link to set new password for user Scribble:

e.amproj.ru/cquiz/mailpass.php?u_id=697&h=*59B5F2B29D3ECA0C3F9C040EB86589FC021E3967

You received this mail because someone tried to recover your password. If it was not you, you can do nothing. headers: From: ComposerQuiz@gmail.com
Reply-To: ComposerQuiz@gmail.com
Bcc: ComposerQuiz@gmail.com
X-Mailer: PHP/5.6.3
to: natriva@mail.ru sub: Password for CQuiz mess: Please follow the link to set new password for user natriva:

e.amproj.ru/cquiz/mailpass.php?u_id=1948&h=*C9684440CC7EF53184AE5016D72D76029F3EB713

You received this mail because someone tried to recover your password. If it was not you, you can do nothing. headers: From: ComposerQuiz@gmail.com
Reply-To: ComposerQuiz@gmail.com
Bcc: ComposerQuiz@gmail.com
X-Mailer: PHP/5.6.3
